<?xml version="1.0" encoding="UTF-8"?>
<testsuite xmlns:xsi="http://www.w3.org/2001/XMLSchema-instance" xsi:noNamespaceSchemaLocation="https://maven.apache.org/surefire/maven-surefire-plugin/xsd/surefire-test-report-3.0.xsd" version="3.0" name="org.example.TestCucumber" time="0.307" tests="2" errors="0" skipped="0" failures="0">
  <properties>
[...]
</properties>
  <testcase name="Sunday is not Friday" classname="Day Checking" time="0.123">
    <system-out><![CDATA[
Scenario: Sunday is not Friday                &amp#27;[90m# features/DayCheck.feature:2&amp#27;[0m
  &amp#27;[32mGiven &amp#27;[0m&amp#27;[32mtoday is Sunday&amp#27;[0m                       &amp#27;[90m# org.example.Days.today_is_sunday()&amp#27;[0m
  &amp#27;[32mWhen &amp#27;[0m&amp#27;[32mI ask whether it's Friday&amp#27;[0m              &amp#27;[90m# org.example.Days.i_ask_whether_it_s_friday()&amp#27;[0m
  &amp#27;[32mThen &amp#27;[0m&amp#27;[32mI should be told &amp#27;[0m&amp#27;[32m&amp#27;[1m"No, it's not Friday"&amp#27;[0m &amp#27;[90m# org.example.Days.i_should_be_told(java.lang.String)&amp#27;[0m
]]></system-out>
  </testcase>
  <testcase name="Successful login" classname="Login Functionality" time="0.009">
    <system-out><![CDATA[
Scenario: Successful login                     &amp#27;[90m# features/LoginCheck.feature:3&amp#27;[0m
User navigates to login page
  &amp#27;[32mGiven &amp#27;[0m&amp#27;[32muser is on login page&amp#27;[0m                  &amp#27;[90m# org.example.LoginSteps.user_is_on_login_page()&amp#27;[0m
User enters valid credentials
  &amp#27;[32mWhen &amp#27;[0m&amp#27;[32muser enters valid username and password&amp#27;[0m &amp#27;[90m# org.example.LoginSteps.user_enters_valid_username_and_password()&amp#27;[0m
User is redirected to home page
  &amp#27;[32mThen &amp#27;[0m&amp#27;[32muser should be redirected to home page&amp#27;[0m  &amp#27;[90m# org.example.LoginSteps.user_should_be_redirected_to_home_page()&amp#27;[0m
]]></system-out>
  </testcase>
</testsuite>